<?xml version="1.0" encoding="UTF-8"?>
<testng-results skipped="0" failed="0" ignored="0" total="1" passed="1">
  <reporter-output>
  </reporter-output>
  <suite name="Default Suite" duration-ms="5659" started-at="2019-12-09T06:38:21Z" finished-at="2019-12-09T06:38:27Z">
    <groups>
    </groups>
    <test name="com.SpreeHomePage" duration-ms="5659" started-at="2019-12-09T06:38:21Z" finished-at="2019-12-09T06:38:27Z">
      <class name="Test1">
        <test-method status="PASS" signature="login()[pri:0, instance:Test1@1b40d5f0]" name="login" duration-ms="5624" started-at="2019-12-09T06:38:21Z" finished-at="2019-12-09T06:38:27Z">
          <reporter-output>
          </reporter-output>
        </test-method> <!-- login -->
      </class> <!-- Test1 -->
    </test> <!-- com.SpreeHomePage -->
  </suite> <!-- Default Suite -->
</testng-results>
